[2025-11-29 21:40:00] ==========================================
[2025-11-29 21:40:00] スクレイピング処理開始
[2025-11-29 21:40:00] ==========================================
[2025-11-29 21:40:00] 対象日付: 3日後=20251202, 7日後=20251206
[2025-11-29 21:40:00] ------------------------------------------
[2025-11-29 21:40:00] [3日後] 処理開始: 20251202
[2025-11-29 21:40:00] ------------------------------------------
[2025-11-29 21:40:00] [3日後] 試行 1/3
[SCRAPE] 本日の予約にアクセス（20251202）...
[SCRAPE] 32行を検出
[SCRAPE] 12件の予約IDを取得
[SCRAPE] (1/12) 大釜 亜紀子★
			
			(YF23の詳細取得中...
[SCRAPE] 取得完了: 09097440207 / 番号:805 (次回)
[SCRAPE] (2/12) 矢野 朝香★
			
			(YF333の詳細取得中...
[SCRAPE] 取得完了: 09053628313 / 番号:1009 (次回)
[SCRAPE] (3/12) 平井 萌★
			
			(YF2711の詳細取得中...
[SCRAPE] 取得完了: 08083017102 / 番号:634 (次回)
[SCRAPE] (4/12) 山本 美婀子★
			
			(YF37の詳細取得中...
[SCRAPE] 取得完了: 09052417567 / 番号:555 (次回)
[SCRAPE] (5/12) 田中 理恵子★
			
			(YF52の詳細取得中...
[SCRAPE] 取得完了: 09070986962 / 番号:1082 (次回)
[SCRAPE] (6/12) 吉村 美咲希★
			
			(BD93の詳細取得中...
[SCRAPE] 取得完了: 08063336758 / 番号:886 (NHPB)
[SCRAPE] (7/12) 小長谷 奈菜★
			
			(YF35の詳細取得中...
[SCRAPE] 取得完了: 08082593211 / 番号:813 (次回)
[SCRAPE] (8/12) 山中 美樹★
			
			(YF207の詳細取得中...
[SCRAPE] 取得完了: 08061607756 / 番号:417 (次回)
[SCRAPE] (9/12) 永井 真希★
			
			(YF321の詳細取得中...
[SCRAPE] 取得完了: 08043942489 / 番号:351 (次回)
[SCRAPE] (10/12) 石原 さおり★
			
			(YF37の詳細取得中...
[SCRAPE] 取得完了: 09095457943 / 番号:945 (次回)
[SCRAPE] (11/12) 科野 ひかる★
			
			(BD95の詳細取得中...
[SCRAPE] 取得完了: 08040200567 / 番号:1036 (NHPB)
[SCRAPE] (12/12) 神原 良祐★
			
			(BD976の詳細取得中...
[SCRAPE] 取得完了: 09015992055 / 番号:- (NHPB)

[SCRAPE] 完了: 12件の予約を取得（電話番号+お客様番号付き）
[SCRAPE] 結果ファイル: scrape_result_with_phone_20251129_214451.json
[2025-11-29 21:44:52] [3日後] ✅ スクレイピング成功 (5871バイト)
[2025-11-29 21:44:52] [3日後] VPSに転送中...
[2025-11-29 21:44:55] [3日後] ✅ 転送成功
[2025-11-29 21:44:55] Bot判定回避のため5分待機...
[2025-11-29 21:49:55] ------------------------------------------
[2025-11-29 21:49:55] [7日後] 処理開始: 20251206
[2025-11-29 21:49:55] ------------------------------------------
[2025-11-29 21:49:55] [7日後] 試行 1/3
[SCRAPE] 本日の予約にアクセス（20251206）...
[SCRAPE] 23行を検出
[SCRAPE] 8件の予約IDを取得
[SCRAPE] (1/8) 上村 有香★
			
			(YF077の詳細取得中...
[SCRAPE] 取得完了: 09078769416 / 番号:910 (次回)
[SCRAPE] (2/8) 立田 麻衣★
			
			(YF216の詳細取得中...
[SCRAPE] 取得完了: 08044823470 / 番号:419 (次回)
[SCRAPE] (3/8) 畑 美香★
			
			(YF2466の詳細取得中...
[SCRAPE] 取得完了: 09073613575 / 番号:1016 (次回)
[SCRAPE] (4/8) 中嶋 裕子★
			
			(YF246の詳細取得中...
[SCRAPE] 取得完了: 09085777514 / 番号:571 (次回)
[SCRAPE] (5/8) 辻口 友子★
			
			(YF237の詳細取得中...
[SCRAPE] 取得完了: 09098628023 / 番号:187 (次回)
[SCRAPE] (6/8) 神原 良祐★
			
			(BD976の詳細取得中...
[SCRAPE] 取得完了: 09015992055 / 番号:- (NHPB)
[SCRAPE] (7/8) 安部 澄怜★
			
			(YF075の詳細取得中...
[SCRAPE] 取得完了: 09032864301 / 番号:1084 (次回)
[SCRAPE] (8/8) 本田 友美佳★
			
			(YF23の詳細取得中...
[SCRAPE] 取得完了: 09062341472 / 番号:569 (次回)

[SCRAPE] 完了: 8件の予約を取得（電話番号+お客様番号付き）
[SCRAPE] 結果ファイル: scrape_result_with_phone_20251129_215306.json
[2025-11-29 21:53:06] [7日後] ✅ スクレイピング成功 (3926バイト)
[2025-11-29 21:53:06] [7日後] VPSに転送中...
[2025-11-29 21:53:10] [7日後] ✅ 転送成功
[2025-11-29 21:53:10] ==========================================
[2025-11-29 21:53:10] ✅ 全処理完了
[2025-11-29 21:53:10] ==========================================
