[2025-11-18 13:54:32] ==========================================
[2025-11-18 13:54:32] スクレイピング処理開始
[2025-11-18 13:54:32] ==========================================
[2025-11-18 13:54:32] 対象日付: 3日後=20251121, 7日後=20251125
[2025-11-18 13:54:32] ------------------------------------------
[2025-11-18 13:54:32] [3日後] 処理開始: 20251121
[2025-11-18 13:54:32] ------------------------------------------
[2025-11-18 13:54:32] [3日後] 試行 1/3
[SCRAPE] 本日の予約にアクセス（20251121）...
[SCRAPE] 33行を検出
[SCRAPE] 14件の予約IDを取得
[SCRAPE] (1/14) 宮崎 砂絵★
			
			(YF061の詳細取得中...
[SCRAPE] 取得完了: 09020633114 / 番号:142 (次回)
[SCRAPE] (2/14) 田中 来海★
			
			(YF216の詳細取得中...
[SCRAPE] 取得完了: 09062347926 / 番号:533 (次回)
[SCRAPE] (3/14) 佐藤 由貴★
			
			(YF181の詳細取得中...
[SCRAPE] 取得完了: 09090471564 / 番号:11 (次回)
[SCRAPE] (4/14) 春名 久美子★
			
			(BD88の詳細取得中...
[SCRAPE] 取得完了: 09087904205 / 番号:1106 (NHPB)
[SCRAPE] (5/14) 春名 久美子★
			
			(YF17の詳細取得中...
[SCRAPE] 取得完了: 09087904205 / 番号:1106 (次回)
[SCRAPE] (6/14) 清藤 智津子★
			
			(YF29の詳細取得中...
[SCRAPE] 取得完了: 09058888075 / 番号:1129 (次回)
[SCRAPE] (7/14) 網野 紗弓★
			
			(YF018の詳細取得中...
[SCRAPE] 取得完了: 09098722955 / 番号:134 (次回)
[SCRAPE] (8/14) 大久保 るみ★
			
			(YF27の詳細取得中...
[SCRAPE] 取得完了: 09019019711 / 番号:1000 (次回)
[SCRAPE] (9/14) 神原 良祐★
			
			(YF455の詳細取得中...
[SCRAPE] 取得完了: 09015992055 / 番号:- (電話予約)
[SCRAPE] (10/14) 神原 良祐★
			
			(YF455の詳細取得中...
[SCRAPE] 取得完了: 09015992055 / 番号:- (電話予約)
[SCRAPE] (11/14) 須佐美 葵★
			
			(YF052の詳細取得中...
[SCRAPE] 取得完了: 09066621306 / 番号:765 (次回)
[SCRAPE] (12/14) 中島 邦子★
			
			(YF017の詳細取得中...
[SCRAPE] 取得完了: 09090562184 / 番号:1002 (次回)
[SCRAPE] (13/14) 福森 和奏★
			
			(YF269の詳細取得中...
[SCRAPE] 取得完了: 09056716766 / 番号:1087 (次回)
[SCRAPE] (14/14) 堀内 弘美★
			
			(YF184の詳細取得中...
[SCRAPE] 取得完了: 08061190062 / 番号:931 (次回)

[SCRAPE] 完了: 14件の予約を取得（電話番号+お客様番号付き）
[SCRAPE] 結果ファイル: scrape_result_with_phone_20251118_135934.json
[2025-11-18 13:59:34] [3日後] ✅ スクレイピング成功 (6799バイト)
[2025-11-18 13:59:34] [3日後] VPSに転送中...
[2025-11-18 13:59:36] [3日後] ✅ 転送成功
[2025-11-18 13:59:36] ------------------------------------------
[2025-11-18 13:59:36] [7日後] 処理開始: 20251125
[2025-11-18 13:59:36] ------------------------------------------
[2025-11-18 13:59:36] [7日後] 試行 1/3
[2025-11-18 14:19:41] ❌ 既に実行中です。終了します。
[2025-11-18 14:20:11] ❌ 既に実行中です。終了します。
[2025-11-18 14:21:59] ==========================================
[2025-11-18 14:21:59] スクレイピング処理開始
[2025-11-18 14:21:59] ==========================================
[2025-11-18 14:21:59] 対象日付: 3日後=20251121, 7日後=20251125
[2025-11-18 14:21:59] ------------------------------------------
[2025-11-18 14:21:59] [3日後] 処理開始: 20251121
[2025-11-18 14:21:59] ------------------------------------------
[2025-11-18 14:21:59] [3日後] 試行 1/3
[SCRAPE] 本日の予約にアクセス（20251121）...
[SCRAPE] 0行を検出
[SCRAPE] 0件の予約IDを取得

[SCRAPE] 完了: 0件の予約を取得（電話番号+お客様番号付き）
[SCRAPE] 結果ファイル: scrape_result_with_phone_20251118_142210.json
[2025-11-18 14:22:10] [3日後] ❌ 空のデータ (120バイト)
[2025-11-18 14:22:10] [3日後] 15分後にリトライ...
[2025-11-18 14:57:14] ==========================================
[2025-11-18 14:57:14] スクレイピング処理開始
[2025-11-18 14:57:14] ==========================================
[2025-11-18 14:57:14] 対象日付: 3日後=20251121, 7日後=20251125
[2025-11-18 14:57:14] ------------------------------------------
[2025-11-18 14:57:14] [3日後] 処理開始: 20251121
[2025-11-18 14:57:14] ------------------------------------------
[2025-11-18 14:57:14] [3日後] 試行 1/3
[SCRAPE] 本日の予約にアクセス（20251121）...
[SCRAPE] 33行を検出
[SCRAPE] 14件の予約IDを取得
[SCRAPE] (1/14) 宮崎 砂絵★
			
			(YF061の詳細取得中...
[SCRAPE] 取得完了: 09020633114 / 番号:142 (次回)
[SCRAPE] (2/14) 田中 来海★
			
			(YF216の詳細取得中...
[SCRAPE] 取得完了: 09062347926 / 番号:533 (次回)
[SCRAPE] (3/14) 佐藤 由貴★
			
			(YF181の詳細取得中...
[SCRAPE] 取得完了: 09090471564 / 番号:11 (次回)
[SCRAPE] (4/14) 春名 久美子★
			
			(BD88の詳細取得中...
[SCRAPE] 取得完了: 09087904205 / 番号:1106 (NHPB)
[SCRAPE] (5/14) 春名 久美子★
			
			(YF17の詳細取得中...
[SCRAPE] 取得完了: 09087904205 / 番号:1106 (次回)
[SCRAPE] (6/14) 清藤 智津子★
			
			(YF29の詳細取得中...
[SCRAPE] 取得完了: 09058888075 / 番号:1129 (次回)
[SCRAPE] (7/14) 網野 紗弓★
			
			(YF018の詳細取得中...
[SCRAPE] 取得完了: 09098722955 / 番号:134 (次回)
[SCRAPE] (8/14) 大久保 るみ★
			
			(YF27の詳細取得中...
[SCRAPE] 取得完了: 09019019711 / 番号:1000 (次回)
[SCRAPE] (9/14) 神原 良祐★
			
			(YF455の詳細取得中...
[SCRAPE] 取得完了: 09015992055 / 番号:- (電話予約)
[SCRAPE] (10/14) 神原 良祐★
			
			(YF455の詳細取得中...
[SCRAPE] 取得完了: 09015992055 / 番号:- (電話予約)
[SCRAPE] (11/14) 須佐美 葵★
			
			(YF052の詳細取得中...
[SCRAPE] 取得完了: 09066621306 / 番号:765 (次回)
[SCRAPE] (12/14) 中島 邦子★
			
			(YF017の詳細取得中...
[SCRAPE] 取得完了: 09090562184 / 番号:1002 (次回)
[SCRAPE] (13/14) 福森 和奏★
			
			(YF269の詳細取得中...
[SCRAPE] 取得完了: 09056716766 / 番号:1087 (次回)
[SCRAPE] (14/14) 堀内 弘美★
			
			(YF184の詳細取得中...
[SCRAPE] 取得完了: 08061190062 / 番号:931 (次回)

[SCRAPE] 完了: 14件の予約を取得（電話番号+お客様番号付き）
[SCRAPE] 結果ファイル: scrape_result_with_phone_20251118_150240.json
[2025-11-18 15:02:40] [3日後] ✅ スクレイピング成功 (6799バイト)
[2025-11-18 15:02:40] [3日後] VPSに転送中...
[2025-11-18 15:02:43] [3日後] ✅ 転送成功
[2025-11-18 15:02:43] Bot判定回避のため5分待機...
[2025-11-18 15:07:43] ------------------------------------------
[2025-11-18 15:07:43] [7日後] 処理開始: 20251125
[2025-11-18 15:07:43] ------------------------------------------
[2025-11-18 15:07:43] [7日後] 試行 1/3
[SCRAPE] 本日の予約にアクセス（20251125）...
[SCRAPE] 32行を検出
[SCRAPE] 16件の予約IDを取得
[SCRAPE] (1/16) 小畑 瑞葵★
			
			(YF013の詳細取得中...
[SCRAPE] 取得完了: 08091237047 / 番号:998 (次回)
[SCRAPE] (2/16) 大西 由紀★
			
			(YF095の詳細取得中...
[SCRAPE] 取得完了: 09022894911 / 番号:1064 (次回)
[SCRAPE] (3/16) 矢野 朝香★
			
			(YF333の詳細取得中...
[SCRAPE] 取得完了: 09053628313 / 番号:1009 (次回)
[SCRAPE] (4/16) 奥田 綾子★
			
			(YF164の詳細取得中...
[SCRAPE] 取得完了: 09020129783 / 番号:174 (次回)
[SCRAPE] (5/16) 神原 良祐★
			
			(YF455の詳細取得中...
[SCRAPE] 取得完了: 09015992055 / 番号:- (電話予約)
[SCRAPE] (6/16) 上田 智子★
			
			(YF128の詳細取得中...
[SCRAPE] 取得完了: 09065545168 / 番号:429 (次回)
[SCRAPE] (7/16) 疋田 恵子★
			
			(YF421の詳細取得中...
[SCRAPE] 取得完了: 09058981158 / 番号:440 (次回)
[SCRAPE] (8/16) 神原 良祐★
			
			(YF455の詳細取得中...
[SCRAPE] 取得完了: 09015992055 / 番号:- (電話予約)
[SCRAPE] (9/16) 五十森 薫★
			
			(YF253の詳細取得中...
[SCRAPE] 取得完了: 09071174086 / 番号:686 (次回)
[SCRAPE] (10/16) 増田 富美子★
			
			(YF29の詳細取得中...
[SCRAPE] 取得完了: 09043085393 / 番号:130 (次回)
[SCRAPE] (11/16) 杉田 充代★
			
			(YF140の詳細取得中...
[SCRAPE] 取得完了: 08024510227 / 番号:318 (次回)
[SCRAPE] (12/16) 東浦 芽生★
			
			(YF330の詳細取得中...
[SCRAPE] 取得完了: 09056677867 / 番号:327 (次回)
[SCRAPE] (13/16) 古谷 貴子★
			
			(YF335の詳細取得中...
[SCRAPE] 取得完了: 08040233009 / 番号:591 (次回)
[SCRAPE] (14/16) 平松 由加里★
			
			(YF21の詳細取得中...
[SCRAPE] 取得完了: 09071017261 / 番号:198 (次回)
[SCRAPE] (15/16) 片山 恵美★
			
			(YF213の詳細取得中...
[SCRAPE] 取得完了: 09036506639 / 番号:879 (次回)
[SCRAPE] (16/16) 川上 亜矢子★
			
			(YF33の詳細取得中...
[SCRAPE] 取得完了: 09035403267 / 番号:93 (次回)

[SCRAPE] 完了: 16件の予約を取得（電話番号+お客様番号付き）
[SCRAPE] 結果ファイル: scrape_result_with_phone_20251118_151349.json
[2025-11-18 15:13:49] [7日後] ✅ スクレイピング成功 (8055バイト)
[2025-11-18 15:13:49] [7日後] VPSに転送中...
[2025-11-18 15:13:52] [7日後] ✅ 転送成功
[2025-11-18 15:13:52] ==========================================
[2025-11-18 15:13:52] ✅ 全処理完了
[2025-11-18 15:13:52] ==========================================
node:events:496
      throw er; // Unhandled 'error' event
      ^

Error: write EPIPE
    at afterWriteDispatched (node:internal/stream_base_commons:159:15)
    at writeGeneric (node:internal/stream_base_commons:150:3)
    at Socket._writeGeneric (node:net:966:11)
    at Socket._write (node:net:978:8)
    at writeOrBuffer (node:internal/streams/writable:572:12)
    at _write (node:internal/streams/writable:501:10)
    at Writable.write (node:internal/streams/writable:510:10)
    at PipeTransport.send (/Users/kanbararyousuke/salon-absence-system/venv/lib/python3.9/site-packages/playwright/driver/package/lib/server/utils/pipeTransport.js:52:21)
    at dispatcherConnection.onmessage (/Users/kanbararyousuke/salon-absence-system/venv/lib/python3.9/site-packages/playwright/driver/package/lib/cli/driver.js:60:59)
    at DispatcherConnection.dispatch (/Users/kanbararyousuke/salon-absence-system/venv/lib/python3.9/site-packages/playwright/driver/package/lib/server/dispatchers/dispatcher.js:354:10)
Emitted 'error' event on Socket instance at:
    at emitErrorNT (node:internal/streams/destroy:170:8)
    at emitErrorCloseNT (node:internal/streams/destroy:129:3)
    at process.processTicksAndRejections (node:internal/process/task_queues:90:21) {
  errno: -32,
  code: 'EPIPE',
  syscall: 'write'
}

Node.js v22.18.0
