[2025-11-30 21:40:00] ==========================================
[2025-11-30 21:40:00] スクレイピング処理開始
[2025-11-30 21:40:00] ==========================================
[2025-11-30 21:40:00] 対象日付: 3日後=20251203, 7日後=20251207
[2025-11-30 21:40:00] ------------------------------------------
[2025-11-30 21:40:00] [3日後] 処理開始: 20251203
[2025-11-30 21:40:00] ------------------------------------------
[2025-11-30 21:40:00] [3日後] 試行 1/3
[SCRAPE] 本日の予約にアクセス（20251203）...
[SCRAPE] 0行を検出
[SCRAPE] 0件の予約IDを取得

[SCRAPE] 完了: 0件の予約を取得（電話番号+お客様番号付き）
[SCRAPE] 結果ファイル: scrape_result_with_phone_20251130_214013.json
[2025-11-30 21:40:13] [3日後] ❌ 空のデータ (120バイト) - クッキー無効の可能性
[2025-11-30 21:40:13] 🔄 クッキー自動再取得開始...
[2025-11-30 21:41:17] ❌ クッキー再取得失敗
[2025-11-30 21:41:17] [3日後] 15分後にリトライ...
[2025-11-30 21:56:21] [3日後] 試行 2/3
[SCRAPE] 本日の予約にアクセス（20251203）...
[SCRAPE] 0行を検出
[SCRAPE] 0件の予約IDを取得

[SCRAPE] 完了: 0件の予約を取得（電話番号+お客様番号付き）
[SCRAPE] 結果ファイル: scrape_result_with_phone_20251130_215641.json
[2025-11-30 21:56:41] [3日後] ❌ 空のデータ (120バイト) - クッキー無効の可能性
[2025-11-30 21:56:41] 🔄 クッキー自動再取得開始...
[2025-11-30 21:57:46] ❌ クッキー再取得失敗
[2025-11-30 21:57:47] [3日後] 15分後にリトライ...
