[2025-11-28 21:40:01] ==========================================
[2025-11-28 21:40:01] スクレイピング処理開始
[2025-11-28 21:40:01] ==========================================
[2025-11-28 21:40:01] 対象日付: 3日後=20251201, 7日後=20251205
[2025-11-28 21:40:01] ------------------------------------------
[2025-11-28 21:40:01] [3日後] 処理開始: 20251201
[2025-11-28 21:40:01] ------------------------------------------
[2025-11-28 21:40:01] [3日後] 試行 1/3
[SCRAPE] 本日の予約にアクセス（20251201）...
[SCRAPE] 0行を検出
[SCRAPE] 0件の予約IDを取得

[SCRAPE] 完了: 0件の予約を取得（電話番号+お客様番号付き）
[SCRAPE] 結果ファイル: scrape_result_with_phone_20251128_214020.json
[2025-11-28 21:40:21] [3日後] ❌ 空のデータ (120バイト) - クッキー無効の可能性
[2025-11-28 21:40:21] 🔄 クッキー自動再取得開始...
[2025-11-28 21:41:25] ❌ クッキー再取得失敗
[2025-11-28 21:41:25] [3日後] 15分後にリトライ...
[2025-11-28 21:56:25] [3日後] 試行 2/3
[SCRAPE] 本日の予約にアクセス（20251201）...
[SCRAPE] 0行を検出
[SCRAPE] 0件の予約IDを取得

[SCRAPE] 完了: 0件の予約を取得（電話番号+お客様番号付き）
[SCRAPE] 結果ファイル: scrape_result_with_phone_20251128_215706.json
[2025-11-28 21:57:06] [3日後] ❌ 空のデータ (120バイト) - クッキー無効の可能性
[2025-11-28 21:57:06] 🔄 クッキー自動再取得開始...
[2025-11-28 21:58:13] ❌ クッキー再取得失敗
[2025-11-28 21:58:13] [3日後] 15分後にリトライ...
[2025-11-28 22:13:13] [3日後] 試行 3/3
[SCRAPE] 本日の予約にアクセス（20251201）...
[SCRAPE] 0行を検出
[SCRAPE] 0件の予約IDを取得

[SCRAPE] 完了: 0件の予約を取得（電話番号+お客様番号付き）
[SCRAPE] 結果ファイル: scrape_result_with_phone_20251128_221338.json
[2025-11-28 22:13:38] [3日後] ❌ 空のデータ (120バイト) - クッキー無効の可能性
[2025-11-28 22:13:38] 🔄 クッキー自動再取得開始...
[2025-11-28 22:14:42] ❌ クッキー再取得失敗
[2025-11-28 22:14:42] [3日後] ❌ 全試行失敗
[2025-11-28 22:14:42] エラー通知送信: 3回のリトライすべて失敗
