[2025-11-27 21:40:00] ==========================================
[2025-11-27 21:40:00] スクレイピング処理開始
[2025-11-27 21:40:00] ==========================================
[2025-11-27 21:40:00] 対象日付: 3日後=20251130, 7日後=20251204
[2025-11-27 21:40:00] ------------------------------------------
[2025-11-27 21:40:00] [3日後] 処理開始: 20251130
[2025-11-27 21:40:00] ------------------------------------------
[2025-11-27 21:40:00] [3日後] 試行 1/3
[SCRAPE] 本日の予約にアクセス（20251130）...
[SCRAPE] 15行を検出
[SCRAPE] 0件の予約IDを取得

[SCRAPE] 完了: 0件の予約を取得（電話番号+お客様番号付き）
[SCRAPE] 結果ファイル: scrape_result_with_phone_20251127_214021.json
[2025-11-27 21:40:22] [3日後] ❌ 空のデータ (120バイト) - クッキー無効の可能性
[2025-11-27 21:40:22] 🔄 クッキー自動再取得開始...
[2025-11-27 21:41:27] ❌ クッキー再取得失敗
[2025-11-27 21:41:27] [3日後] 15分後にリトライ...
[2025-11-27 21:56:27] [3日後] 試行 2/3
[SCRAPE] 本日の予約にアクセス（20251130）...
[SCRAPE] 15行を検出
[SCRAPE] 0件の予約IDを取得

[SCRAPE] 完了: 0件の予約を取得（電話番号+お客様番号付き）
[SCRAPE] 結果ファイル: scrape_result_with_phone_20251127_215647.json
[2025-11-27 21:56:47] [3日後] ❌ 空のデータ (120バイト) - クッキー無効の可能性
[2025-11-27 21:56:47] 🔄 クッキー自動再取得開始...
[2025-11-27 21:57:52] ❌ クッキー再取得失敗
[2025-11-27 21:57:52] [3日後] 15分後にリトライ...
[2025-11-27 22:12:52] [3日後] 試行 3/3
[SCRAPE] 本日の予約にアクセス（20251130）...
[SCRAPE] 15行を検出
[SCRAPE] 0件の予約IDを取得

[SCRAPE] 完了: 0件の予約を取得（電話番号+お客様番号付き）
[SCRAPE] 結果ファイル: scrape_result_with_phone_20251127_221314.json
[2025-11-27 22:13:14] [3日後] ❌ 空のデータ (120バイト) - クッキー無効の可能性
[2025-11-27 22:13:14] 🔄 クッキー自動再取得開始...
[2025-11-27 22:14:18] ❌ クッキー再取得失敗
[2025-11-27 22:14:18] [3日後] ❌ 全試行失敗
[2025-11-27 22:14:18] エラー通知送信: 3回のリトライすべて失敗
