[2025-11-19 08:50:00] ==========================================
[2025-11-19 08:50:00] スクレイピング処理開始
[2025-11-19 08:50:00] ==========================================
[2025-11-19 08:50:00] 対象日付: 3日後=20251122, 7日後=20251126
[2025-11-19 08:50:00] ------------------------------------------
[2025-11-19 08:50:00] [3日後] 処理開始: 20251122
[2025-11-19 08:50:00] ------------------------------------------
[2025-11-19 08:50:01] [3日後] 試行 1/3
[SCRAPE] 本日の予約にアクセス（20251122）...
[SCRAPE] 0行を検出
[SCRAPE] 0件の予約IDを取得

[SCRAPE] 完了: 0件の予約を取得（電話番号+お客様番号付き）
[SCRAPE] 結果ファイル: scrape_result_with_phone_20251119_085011.json
[2025-11-19 08:50:12] [3日後] ❌ 空のデータ (120バイト)
[2025-11-19 08:50:12] [3日後] 15分後にリトライ...
[2025-11-19 09:05:12] [3日後] 試行 2/3
[SCRAPE] 本日の予約にアクセス（20251122）...
[SCRAPE] 0行を検出
[SCRAPE] 0件の予約IDを取得

[SCRAPE] 完了: 0件の予約を取得（電話番号+お客様番号付き）
[SCRAPE] 結果ファイル: scrape_result_with_phone_20251119_090520.json
[2025-11-19 09:05:20] [3日後] ❌ 空のデータ (120バイト)
[2025-11-19 09:05:20] [3日後] 15分後にリトライ...
[2025-11-19 09:20:20] [3日後] 試行 3/3
[SCRAPE] 本日の予約にアクセス（20251122）...
[SCRAPE] 0行を検出
[SCRAPE] 0件の予約IDを取得

[SCRAPE] 完了: 0件の予約を取得（電話番号+お客様番号付き）
[SCRAPE] 結果ファイル: scrape_result_with_phone_20251119_092029.json
[2025-11-19 09:20:29] [3日後] ❌ 空のデータ (120バイト)
[2025-11-19 09:20:29] [3日後] ❌ 全試行失敗
[2025-11-19 09:20:29] エラー通知送信: 3回のリトライすべて失敗
