[2025-12-01 21:40:00] ==========================================
[2025-12-01 21:40:00] スクレイピング処理開始
[2025-12-01 21:40:00] ==========================================
[2025-12-01 21:40:00] 対象日付: 3日後=20251204, 7日後=20251208
[2025-12-01 21:40:00] ------------------------------------------
[2025-12-01 21:40:00] [3日後] 処理開始: 20251204
[2025-12-01 21:40:00] ------------------------------------------
[2025-12-01 21:40:00] [3日後] 試行 1/3
[SCRAPE] 本日の予約にアクセス（20251204）...
[SCRAPE] 0行を検出
[SCRAPE] 0件の予約IDを取得

[SCRAPE] 完了: 0件の予約を取得（電話番号+お客様番号付き）
[SCRAPE] 結果ファイル: scrape_result_with_phone_20251201_214019.json
[2025-12-01 21:40:19] [3日後] ❌ 空のデータ (120バイト) - クッキー無効の可能性
[2025-12-01 21:40:19] 🔄 クッキー自動再取得開始...
[2025-12-01 21:41:24] ❌ クッキー再取得失敗
[2025-12-01 21:41:24] [3日後] 15分後にリトライ...
[2025-12-01 21:56:24] [3日後] 試行 2/3
[SCRAPE] 本日の予約にアクセス（20251204）...
[SCRAPE] 0行を検出
[SCRAPE] 0件の予約IDを取得

[SCRAPE] 完了: 0件の予約を取得（電話番号+お客様番号付き）
[SCRAPE] 結果ファイル: scrape_result_with_phone_20251201_215643.json
[2025-12-01 21:56:44] [3日後] ❌ 空のデータ (120バイト) - クッキー無効の可能性
[2025-12-01 21:56:44] 🔄 クッキー自動再取得開始...
[2025-12-01 21:57:49] ❌ クッキー再取得失敗
[2025-12-01 21:57:49] [3日後] 15分後にリトライ...
[2025-12-01 22:12:49] [3日後] 試行 3/3
[SCRAPE] 本日の予約にアクセス（20251204）...
[SCRAPE] 0行を検出
[SCRAPE] 0件の予約IDを取得

[SCRAPE] 完了: 0件の予約を取得（電話番号+お客様番号付き）
[SCRAPE] 結果ファイル: scrape_result_with_phone_20251201_221259.json
[2025-12-01 22:12:59] [3日後] ❌ 空のデータ (120バイト) - クッキー無効の可能性
[2025-12-01 22:12:59] 🔄 クッキー自動再取得開始...
[2025-12-01 22:14:02] ❌ クッキー再取得失敗
[2025-12-01 22:14:02] [3日後] ❌ 全試行失敗
[2025-12-01 22:14:02] エラー通知送信: 3回のリトライすべて失敗
