[2025-11-23 21:40:00] ==========================================
[2025-11-23 21:40:00] スクレイピング処理開始
[2025-11-23 21:40:00] ==========================================
[2025-11-23 21:40:00] 対象日付: 3日後=20251126, 7日後=20251130
[2025-11-23 21:40:00] ------------------------------------------
[2025-11-23 21:40:00] [3日後] 処理開始: 20251126
[2025-11-23 21:40:00] ------------------------------------------
[2025-11-23 21:40:00] [3日後] 試行 1/3
[SCRAPE] 本日の予約にアクセス（20251126）...
Traceback (most recent call last):
  File "/Users/kanbararyousuke/salon-absence-system/temp_scrape_3日後.py", line 21, in <module>
    page.goto(url)
  File "/Users/kanbararyousuke/salon-absence-system/venv/lib/python3.9/site-packages/playwright/sync_api/_generated.py", line 9019, in goto
    self._sync(
  File "/Users/kanbararyousuke/salon-absence-system/venv/lib/python3.9/site-packages/playwright/_impl/_sync_base.py", line 115, in _sync
    return task.result()
  File "/Users/kanbararyousuke/salon-absence-system/venv/lib/python3.9/site-packages/playwright/_impl/_page.py", line 556, in goto
    return await self._main_frame.goto(**locals_to_params(locals()))
  File "/Users/kanbararyousuke/salon-absence-system/venv/lib/python3.9/site-packages/playwright/_impl/_frame.py", line 153, in goto
    await self._channel.send(
  File "/Users/kanbararyousuke/salon-absence-system/venv/lib/python3.9/site-packages/playwright/_impl/_connection.py", line 69, in send
    return await self._connection.wrap_api_call(
  File "/Users/kanbararyousuke/salon-absence-system/venv/lib/python3.9/site-packages/playwright/_impl/_connection.py", line 558, in wrap_api_call
    raise rewrite_error(error, f"{parsed_st['apiName']}: {error}") from None
playwright._impl._errors.Error: Page.goto: net::ERR_INTERNET_DISCONNECTED at https://salonboard.com/KLP/reserve/reserveList/searchDate?date=20251126
Call log:
  - navigating to "https://salonboard.com/KLP/reserve/reserveList/searchDate?date=20251126", waiting until "load"

[2025-11-23 21:40:08] [3日後] ❌ スクレイピング失敗
[2025-11-23 21:40:08] [3日後] 15分後にリトライ...
[2025-11-23 21:55:08] [3日後] 試行 2/3
[SCRAPE] 本日の予約にアクセス（20251126）...
Traceback (most recent call last):
  File "/Users/kanbararyousuke/salon-absence-system/temp_scrape_3日後.py", line 21, in <module>
    page.goto(url)
  File "/Users/kanbararyousuke/salon-absence-system/venv/lib/python3.9/site-packages/playwright/sync_api/_generated.py", line 9019, in goto
    self._sync(
  File "/Users/kanbararyousuke/salon-absence-system/venv/lib/python3.9/site-packages/playwright/_impl/_sync_base.py", line 115, in _sync
    return task.result()
  File "/Users/kanbararyousuke/salon-absence-system/venv/lib/python3.9/site-packages/playwright/_impl/_page.py", line 556, in goto
    return await self._main_frame.goto(**locals_to_params(locals()))
  File "/Users/kanbararyousuke/salon-absence-system/venv/lib/python3.9/site-packages/playwright/_impl/_frame.py", line 153, in goto
    await self._channel.send(
  File "/Users/kanbararyousuke/salon-absence-system/venv/lib/python3.9/site-packages/playwright/_impl/_connection.py", line 69, in send
    return await self._connection.wrap_api_call(
  File "/Users/kanbararyousuke/salon-absence-system/venv/lib/python3.9/site-packages/playwright/_impl/_connection.py", line 558, in wrap_api_call
    raise rewrite_error(error, f"{parsed_st['apiName']}: {error}") from None
playwright._impl._errors.Error: Page.goto: net::ERR_INTERNET_DISCONNECTED at https://salonboard.com/KLP/reserve/reserveList/searchDate?date=20251126
Call log:
  - navigating to "https://salonboard.com/KLP/reserve/reserveList/searchDate?date=20251126", waiting until "load"

[2025-11-23 21:55:14] [3日後] ❌ スクレイピング失敗
[2025-11-23 21:55:14] [3日後] 15分後にリトライ...
[2025-11-23 22:10:14] [3日後] 試行 3/3
[SCRAPE] 本日の予約にアクセス（20251126）...
Traceback (most recent call last):
  File "/Users/kanbararyousuke/salon-absence-system/temp_scrape_3日後.py", line 21, in <module>
    page.goto(url)
  File "/Users/kanbararyousuke/salon-absence-system/venv/lib/python3.9/site-packages/playwright/sync_api/_generated.py", line 9019, in goto
    self._sync(
  File "/Users/kanbararyousuke/salon-absence-system/venv/lib/python3.9/site-packages/playwright/_impl/_sync_base.py", line 115, in _sync
    return task.result()
  File "/Users/kanbararyousuke/salon-absence-system/venv/lib/python3.9/site-packages/playwright/_impl/_page.py", line 556, in goto
    return await self._main_frame.goto(**locals_to_params(locals()))
  File "/Users/kanbararyousuke/salon-absence-system/venv/lib/python3.9/site-packages/playwright/_impl/_frame.py", line 153, in goto
    await self._channel.send(
  File "/Users/kanbararyousuke/salon-absence-system/venv/lib/python3.9/site-packages/playwright/_impl/_connection.py", line 69, in send
    return await self._connection.wrap_api_call(
  File "/Users/kanbararyousuke/salon-absence-system/venv/lib/python3.9/site-packages/playwright/_impl/_connection.py", line 558, in wrap_api_call
    raise rewrite_error(error, f"{parsed_st['apiName']}: {error}") from None
playwright._impl._errors.Error: Page.goto: net::ERR_INTERNET_DISCONNECTED at https://salonboard.com/KLP/reserve/reserveList/searchDate?date=20251126
Call log:
  - navigating to "https://salonboard.com/KLP/reserve/reserveList/searchDate?date=20251126", waiting until "load"

[2025-11-23 22:10:19] [3日後] ❌ スクレイピング失敗
[2025-11-23 22:10:19] [3日後] ❌ 全試行失敗
[2025-11-23 22:10:19] エラー通知送信: 3回のリトライすべて失敗
