[2025-11-20 07:50:02] ==========================================
[2025-11-20 07:50:02] スクレイピング処理開始
[2025-11-20 07:50:03] ==========================================
[2025-11-20 07:50:04] 対象日付: 3日後=20251123, 7日後=20251127
[2025-11-20 07:50:04] ------------------------------------------
[2025-11-20 07:50:04] [3日後] 処理開始: 20251123
[2025-11-20 07:50:04] ------------------------------------------
[2025-11-20 07:50:05] [3日後] 試行 1/3
[SCRAPE] 本日の予約にアクセス（20251123）...
[SCRAPE] 0行を検出
[SCRAPE] 0件の予約IDを取得

[SCRAPE] 完了: 0件の予約を取得（電話番号+お客様番号付き）
[SCRAPE] 結果ファイル: scrape_result_with_phone_20251120_075625.json
[2025-11-20 07:56:27] [3日後] ❌ 空のデータ (120バイト) - クッキー無効の可能性
[2025-11-20 07:56:27] 🔄 クッキー自動再取得開始...
[2025-11-20 08:00:29] ❌ クッキー再取得失敗
[2025-11-20 08:00:29] [3日後] 15分後にリトライ...
[2025-11-20 08:15:30] [3日後] 試行 2/3
[SCRAPE] 本日の予約にアクセス（20251123）...
[SCRAPE] 0行を検出
[SCRAPE] 0件の予約IDを取得

[SCRAPE] 完了: 0件の予約を取得（電話番号+お客様番号付き）
[SCRAPE] 結果ファイル: scrape_result_with_phone_20251120_082056.json
[2025-11-20 08:20:57] [3日後] ❌ 空のデータ (120バイト) - クッキー無効の可能性
[2025-11-20 08:20:57] 🔄 クッキー自動再取得開始...
[2025-11-20 08:22:58] ❌ クッキー再取得失敗
[2025-11-20 08:22:58] [3日後] 15分後にリトライ...
[2025-11-20 09:09:13] [3日後] 試行 3/3
[SCRAPE] 本日の予約にアクセス（20251123）...
[SCRAPE] 0行を検出
[SCRAPE] 0件の予約IDを取得

[SCRAPE] 完了: 0件の予約を取得（電話番号+お客様番号付き）
[SCRAPE] 結果ファイル: scrape_result_with_phone_20251120_090924.json
[2025-11-20 09:09:24] [3日後] ❌ 空のデータ (120バイト) - クッキー無効の可能性
[2025-11-20 09:09:24] 🔄 クッキー自動再取得開始...
[2025-11-20 09:10:27] ❌ クッキー再取得失敗
[2025-11-20 09:10:27] [3日後] ❌ 全試行失敗
[2025-11-20 09:10:27] エラー通知送信: 3回のリトライすべて失敗
